[0.007s] Invoking command in '/home/nani/bumperbot_ws/build/bumperbot_controller': CMAKE_PREFIX_PATH=/opt/ros/humble /usr/bin/cmake --build /home/nani/bumperbot_ws/build/bumperbot_controller -- -j20 -l20
[0.032s] Invoked command in '/home/nani/bumperbot_ws/build/bumperbot_controller' returned '0': CMAKE_PREFIX_PATH=/opt/ros/humble /usr/bin/cmake --build /home/nani/bumperbot_ws/build/bumperbot_controller -- -j20 -l20
[0.042s] Invoking command in '/home/nani/bumperbot_ws/build/bumperbot_controller': CMAKE_PREFIX_PATH=/opt/ros/humble /usr/bin/cmake --install /home/nani/bumperbot_ws/build/bumperbot_controller
[0.047s] -- Install configuration: ""
[0.047s] -- Up-to-date: /home/nani/bumperbot_ws/install/bumperbot_controller/share/bumperbot_controller/config
[0.047s] -- Up-to-date: /home/nani/bumperbot_ws/install/bumperbot_controller/share/bumperbot_controller/config/bumperbot_controller.yaml
[0.047s] -- Up-to-date: /home/nani/bumperbot_ws/install/bumperbot_controller/share/ament_index/resource_index/package_run_dependencies/bumperbot_controller
[0.047s] -- Up-to-date: /home/nani/bumperbot_ws/install/bumperbot_controller/share/ament_index/resource_index/parent_prefix_path/bumperbot_controller
[0.047s] -- Up-to-date: /home/nani/bumperbot_ws/install/bumperbot_controller/share/bumperbot_controller/environment/ament_prefix_path.sh
[0.047s] -- Up-to-date: /home/nani/bumperbot_ws/install/bumperbot_controller/share/bumperbot_controller/environment/ament_prefix_path.dsv
[0.047s] -- Up-to-date: /home/nani/bumperbot_ws/install/bumperbot_controller/share/bumperbot_controller/environment/path.sh
[0.047s] -- Up-to-date: /home/nani/bumperbot_ws/install/bumperbot_controller/share/bumperbot_controller/environment/path.dsv
[0.047s] -- Up-to-date: /home/nani/bumperbot_ws/install/bumperbot_controller/share/bumperbot_controller/local_setup.bash
[0.047s] -- Up-to-date: /home/nani/bumperbot_ws/install/bumperbot_controller/share/bumperbot_controller/local_setup.sh
[0.047s] -- Up-to-date: /home/nani/bumperbot_ws/install/bumperbot_controller/share/bumperbot_controller/local_setup.zsh
[0.047s] -- Up-to-date: /home/nani/bumperbot_ws/install/bumperbot_controller/share/bumperbot_controller/local_setup.dsv
[0.047s] -- Installing: /home/nani/bumperbot_ws/install/bumperbot_controller/share/bumperbot_controller/package.dsv
[0.047s] -- Up-to-date: /home/nani/bumperbot_ws/install/bumperbot_controller/share/ament_index/resource_index/packages/bumperbot_controller
[0.048s] -- Up-to-date: /home/nani/bumperbot_ws/install/bumperbot_controller/share/bumperbot_controller/cmake/bumperbot_controllerConfig.cmake
[0.048s] -- Up-to-date: /home/nani/bumperbot_ws/install/bumperbot_controller/share/bumperbot_controller/cmake/bumperbot_controllerConfig-version.cmake
[0.048s] -- Up-to-date: /home/nani/bumperbot_ws/install/bumperbot_controller/share/bumperbot_controller/package.xml
[0.048s] Invoked command in '/home/nani/bumperbot_ws/build/bumperbot_controller' returned '0': CMAKE_PREFIX_PATH=/opt/ros/humble /usr/bin/cmake --install /home/nani/bumperbot_ws/build/bumperbot_controller
