[0.014s] Invoking command in '/home/nani/bumperbot_ws/build/bumperbot_description': CMAKE_PREFIX_PATH=/opt/ros/humble /usr/bin/cmake /home/nani/bumperbot_ws/src/bumperbot_description -DCMAKE_INSTALL_PREFIX=/home/nani/bumperbot_ws/install/bumperbot_description
[0.072s] -- The C compiler identification is GNU 11.4.0
[0.126s] -- The CXX compiler identification is GNU 11.4.0
[0.132s] -- Detecting C compiler ABI info
[0.218s] -- Detecting C compiler ABI info - done
[0.223s] -- Check for working C compiler: /usr/bin/cc - skipped
[0.223s] -- Detecting C compile features
[0.223s] -- Detecting C compile features - done
[0.225s] -- Detecting CXX compiler ABI info
[0.305s] -- Detecting CXX compiler ABI info - done
[0.313s] -- Check for working CXX compiler: /usr/bin/c++ - skipped
[0.313s] -- Detecting CXX compile features
[0.313s] -- Detecting CXX compile features - done
[0.318s] -- Found ament_cmake: 1.3.11 (/opt/ros/humble/share/ament_cmake/cmake)
[0.417s] -- Found Python3: /usr/bin/python3 (found version "3.10.12") found components: Interpreter 
[0.486s] -- Found ament_lint_auto: 0.12.11 (/opt/ros/humble/share/ament_lint_auto/cmake)
[0.545s] -- Added test 'lint_cmake' to check CMake code style
[0.545s] -- Added test 'xmllint' to check XML markup files
[0.546s] -- Configuring done
[0.548s] -- Generating done
[0.549s] -- Build files have been written to: /home/nani/bumperbot_ws/build/bumperbot_description
[0.552s] Invoked command in '/home/nani/bumperbot_ws/build/bumperbot_description' returned '0': CMAKE_PREFIX_PATH=/opt/ros/humble /usr/bin/cmake /home/nani/bumperbot_ws/src/bumperbot_description -DCMAKE_INSTALL_PREFIX=/home/nani/bumperbot_ws/install/bumperbot_description
[0.553s] Invoking command in '/home/nani/bumperbot_ws/build/bumperbot_description': CMAKE_PREFIX_PATH=/opt/ros/humble /usr/bin/cmake --build /home/nani/bumperbot_ws/build/bumperbot_description -- -j20 -l20
[0.589s] Invoked command in '/home/nani/bumperbot_ws/build/bumperbot_description' returned '0': CMAKE_PREFIX_PATH=/opt/ros/humble /usr/bin/cmake --build /home/nani/bumperbot_ws/build/bumperbot_description -- -j20 -l20
[0.595s] Invoking command in '/home/nani/bumperbot_ws/build/bumperbot_description': CMAKE_PREFIX_PATH=/opt/ros/humble /usr/bin/cmake --install /home/nani/bumperbot_ws/build/bumperbot_description
[0.602s] -- Install configuration: ""
[0.602s] -- Installing: /home/nani/bumperbot_ws/install/bumperbot_description/share/ament_index/resource_index/package_run_dependencies/bumperbot_description
[0.602s] -- Installing: /home/nani/bumperbot_ws/install/bumperbot_description/share/ament_index/resource_index/parent_prefix_path/bumperbot_description
[0.602s] -- Installing: /home/nani/bumperbot_ws/install/bumperbot_description/share/bumperbot_description/environment/ament_prefix_path.sh
[0.602s] -- Installing: /home/nani/bumperbot_ws/install/bumperbot_description/share/bumperbot_description/environment/ament_prefix_path.dsv
[0.602s] -- Installing: /home/nani/bumperbot_ws/install/bumperbot_description/share/bumperbot_description/environment/path.sh
[0.603s] -- Installing: /home/nani/bumperbot_ws/install/bumperbot_description/share/bumperbot_description/environment/path.dsv
[0.603s] -- Installing: /home/nani/bumperbot_ws/install/bumperbot_description/share/bumperbot_description/local_setup.bash
[0.603s] -- Installing: /home/nani/bumperbot_ws/install/bumperbot_description/share/bumperbot_description/local_setup.sh
[0.603s] -- Installing: /home/nani/bumperbot_ws/install/bumperbot_description/share/bumperbot_description/local_setup.zsh
[0.603s] -- Installing: /home/nani/bumperbot_ws/install/bumperbot_description/share/bumperbot_description/local_setup.dsv
[0.603s] -- Installing: /home/nani/bumperbot_ws/install/bumperbot_description/share/bumperbot_description/package.dsv
[0.603s] -- Installing: /home/nani/bumperbot_ws/install/bumperbot_description/share/ament_index/resource_index/packages/bumperbot_description
[0.604s] -- Installing: /home/nani/bumperbot_ws/install/bumperbot_description/share/bumperbot_description/cmake/bumperbot_descriptionConfig.cmake
[0.604s] -- Installing: /home/nani/bumperbot_ws/install/bumperbot_description/share/bumperbot_description/cmake/bumperbot_descriptionConfig-version.cmake
[0.604s] -- Installing: /home/nani/bumperbot_ws/install/bumperbot_description/share/bumperbot_description/package.xml
[0.605s] Invoked command in '/home/nani/bumperbot_ws/build/bumperbot_description' returned '0': CMAKE_PREFIX_PATH=/opt/ros/humble /usr/bin/cmake --install /home/nani/bumperbot_ws/build/bumperbot_description
