[0.008s] Invoking command in '/home/nani/bumperbot_ws/build/bumperbot_description': CMAKE_PREFIX_PATH=/opt/ros/humble /usr/bin/cmake --build /home/nani/bumperbot_ws/build/bumperbot_description -- -j20 -l20
[0.042s] -- Found ament_cmake: 1.3.11 (/opt/ros/humble/share/ament_cmake/cmake)
[0.150s] -- Found ament_lint_auto: 0.12.11 (/opt/ros/humble/share/ament_lint_auto/cmake)
[0.200s] -- Added test 'flake8' to check Python code syntax and style conventions
[0.200s] -- Added test 'lint_cmake' to check CMake code style
[0.200s] -- Added test 'pep257' to check Python code against some of the docstring style conventions in PEP 257
[0.201s] -- Added test 'xmllint' to check XML markup files
[0.202s] -- Configuring done
[0.205s] -- Generating done
[0.206s] -- Build files have been written to: /home/nani/bumperbot_ws/build/bumperbot_description
[0.231s] Invoked command in '/home/nani/bumperbot_ws/build/bumperbot_description' returned '0': CMAKE_PREFIX_PATH=/opt/ros/humble /usr/bin/cmake --build /home/nani/bumperbot_ws/build/bumperbot_description -- -j20 -l20
[0.245s] Invoking command in '/home/nani/bumperbot_ws/build/bumperbot_description': CMAKE_PREFIX_PATH=/opt/ros/humble /usr/bin/cmake --install /home/nani/bumperbot_ws/build/bumperbot_description
[0.256s] -- Install configuration: ""
[0.256s] -- Up-to-date: /home/nani/bumperbot_ws/install/bumperbot_description/share/bumperbot_description/meshes
[0.256s] -- Up-to-date: /home/nani/bumperbot_ws/install/bumperbot_description/share/bumperbot_description/meshes/wheel_right_link.STL
[0.256s] -- Up-to-date: /home/nani/bumperbot_ws/install/bumperbot_description/share/bumperbot_description/meshes/wheel_left_link.STL
[0.257s] -- Up-to-date: /home/nani/bumperbot_ws/install/bumperbot_description/share/bumperbot_description/meshes/caster_rear_link.STL
[0.257s] -- Up-to-date: /home/nani/bumperbot_ws/install/bumperbot_description/share/bumperbot_description/meshes/base_link.STL
[0.257s] -- Up-to-date: /home/nani/bumperbot_ws/install/bumperbot_description/share/bumperbot_description/meshes/caster_front_link.STL
[0.257s] -- Up-to-date: /home/nani/bumperbot_ws/install/bumperbot_description/share/bumperbot_description/meshes/imu_link.STL
[0.257s] -- Up-to-date: /home/nani/bumperbot_ws/install/bumperbot_description/share/bumperbot_description/urdf
[0.257s] -- Installing: /home/nani/bumperbot_ws/install/bumperbot_description/share/bumperbot_description/urdf/bumperbot_gazebo.xacro
[0.258s] -- Up-to-date: /home/nani/bumperbot_ws/install/bumperbot_description/share/bumperbot_description/urdf/bumperbot.urdf.xacro
[0.258s] -- Up-to-date: /home/nani/bumperbot_ws/install/bumperbot_description/share/bumperbot_description/rviz
[0.258s] -- Up-to-date: /home/nani/bumperbot_ws/install/bumperbot_description/share/bumperbot_description/rviz/display.rviz
[0.258s] -- Up-to-date: /home/nani/bumperbot_ws/install/bumperbot_description/share/bumperbot_description/launch
[0.258s] -- Installing: /home/nani/bumperbot_ws/install/bumperbot_description/share/bumperbot_description/launch/display.launch.py
[0.258s] -- Installing: /home/nani/bumperbot_ws/install/bumperbot_description/share/bumperbot_description/launch/gazebo.launch.py
[0.258s] -- Installing: /home/nani/bumperbot_ws/install/bumperbot_description/share/ament_index/resource_index/package_run_dependencies/bumperbot_description
[0.258s] -- Up-to-date: /home/nani/bumperbot_ws/install/bumperbot_description/share/ament_index/resource_index/parent_prefix_path/bumperbot_description
[0.258s] -- Up-to-date: /home/nani/bumperbot_ws/install/bumperbot_description/share/bumperbot_description/environment/ament_prefix_path.sh
[0.259s] -- Installing: /home/nani/bumperbot_ws/install/bumperbot_description/share/bumperbot_description/environment/ament_prefix_path.dsv
[0.259s] -- Up-to-date: /home/nani/bumperbot_ws/install/bumperbot_description/share/bumperbot_description/environment/path.sh
[0.259s] -- Installing: /home/nani/bumperbot_ws/install/bumperbot_description/share/bumperbot_description/environment/path.dsv
[0.259s] -- Up-to-date: /home/nani/bumperbot_ws/install/bumperbot_description/share/bumperbot_description/local_setup.bash
[0.259s] -- Up-to-date: /home/nani/bumperbot_ws/install/bumperbot_description/share/bumperbot_description/local_setup.sh
[0.259s] -- Up-to-date: /home/nani/bumperbot_ws/install/bumperbot_description/share/bumperbot_description/local_setup.zsh
[0.259s] -- Installing: /home/nani/bumperbot_ws/install/bumperbot_description/share/bumperbot_description/local_setup.dsv
[0.259s] -- Installing: /home/nani/bumperbot_ws/install/bumperbot_description/share/bumperbot_description/package.dsv
[0.259s] -- Up-to-date: /home/nani/bumperbot_ws/install/bumperbot_description/share/ament_index/resource_index/packages/bumperbot_description
[0.259s] -- Up-to-date: /home/nani/bumperbot_ws/install/bumperbot_description/share/bumperbot_description/cmake/bumperbot_descriptionConfig.cmake
[0.260s] -- Up-to-date: /home/nani/bumperbot_ws/install/bumperbot_description/share/bumperbot_description/cmake/bumperbot_descriptionConfig-version.cmake
[0.260s] -- Installing: /home/nani/bumperbot_ws/install/bumperbot_description/share/bumperbot_description/package.xml
[0.260s] Invoked command in '/home/nani/bumperbot_ws/build/bumperbot_description' returned '0': CMAKE_PREFIX_PATH=/opt/ros/humble /usr/bin/cmake --install /home/nani/bumperbot_ws/build/bumperbot_description
