[0.014s] Invoking command in '/home/nani/bumperbot_ws/build/bumperbot_controller': CMAKE_PREFIX_PATH=/opt/ros/humble /usr/bin/cmake --build /home/nani/bumperbot_ws/build/bumperbot_controller -- -j20 -l20
[0.028s] -- Found ament_cmake: 1.3.11 (/opt/ros/humble/share/ament_cmake/cmake)
[0.127s] -- Found rclpy: 3.3.15 (/opt/ros/humble/share/rclpy/cmake)
[0.127s] -- Found std_msgs: 4.2.4 (/opt/ros/humble/share/std_msgs/cmake)
[0.145s] -- Found rosidl_generator_c: 3.1.6 (/opt/ros/humble/share/rosidl_generator_c/cmake)
[0.147s] -- Found rosidl_adapter: 3.1.6 (/opt/ros/humble/share/rosidl_adapter/cmake)
[0.151s] -- Found rosidl_generator_cpp: 3.1.6 (/opt/ros/humble/share/rosidl_generator_cpp/cmake)
[0.157s] -- Using all available rosidl_typesupport_c: rosidl_typesupport_fastrtps_c;rosidl_typesupport_introspection_c
[0.166s] -- Using all available rosidl_typesupport_cpp: rosidl_typesupport_fastrtps_cpp;rosidl_typesupport_introspection_cpp
[0.181s] -- Found geometry_msgs: 4.2.4 (/opt/ros/humble/share/geometry_msgs/cmake)
[0.244s] [31mCMake Error at CMakeLists.txt:24 (install):
[0.244s]   install PROGRAMS given unknown argument "bumperbot_controller".
[0.245s] 
[0.245s] [0m
[0.245s] -- Found ament_lint_auto: 0.12.11 (/opt/ros/humble/share/ament_lint_auto/cmake)
[0.282s] -- Added test 'flake8' to check Python code syntax and style conventions
[0.282s] -- Added test 'lint_cmake' to check CMake code style
[0.283s] -- Added test 'pep257' to check Python code against some of the docstring style conventions in PEP 257
[0.283s] -- Added test 'xmllint' to check XML markup files
[0.284s] -- Configuring incomplete, errors occurred!
[0.284s] See also "/home/nani/bumperbot_ws/build/bumperbot_controller/CMakeFiles/CMakeOutput.log".
[0.286s] gmake: *** [Makefile:226: cmake_check_build_system] Error 1
[0.288s] Invoked command in '/home/nani/bumperbot_ws/build/bumperbot_controller' returned '2': CMAKE_PREFIX_PATH=/opt/ros/humble /usr/bin/cmake --build /home/nani/bumperbot_ws/build/bumperbot_controller -- -j20 -l20
