[0.009s] Invoking command in '/home/nani/bumperbot_ws/build/bumperbot_controller': CMAKE_PREFIX_PATH=/opt/ros/humble /usr/bin/cmake --build /home/nani/bumperbot_ws/build/bumperbot_controller -- -j20 -l20
[0.039s] -- Found ament_cmake: 1.3.11 (/opt/ros/humble/share/ament_cmake/cmake)
[0.135s] -- Found ament_lint_auto: 0.12.11 (/opt/ros/humble/share/ament_lint_auto/cmake)
[0.177s] -- Added test 'lint_cmake' to check CMake code style
[0.178s] -- Added test 'xmllint' to check XML markup files
[0.178s] -- Configuring done
[0.181s] -- Generating done
[0.181s] -- Build files have been written to: /home/nani/bumperbot_ws/build/bumperbot_controller
[0.204s] Invoked command in '/home/nani/bumperbot_ws/build/bumperbot_controller' returned '0': CMAKE_PREFIX_PATH=/opt/ros/humble /usr/bin/cmake --build /home/nani/bumperbot_ws/build/bumperbot_controller -- -j20 -l20
[0.205s] Invoking command in '/home/nani/bumperbot_ws/build/bumperbot_controller': CMAKE_PREFIX_PATH=/opt/ros/humble /usr/bin/cmake --install /home/nani/bumperbot_ws/build/bumperbot_controller
[0.215s] -- Install configuration: ""
[0.215s] -- Installing: /home/nani/bumperbot_ws/install/bumperbot_controller/share/bumperbot_controller/config
[0.216s] -- Installing: /home/nani/bumperbot_ws/install/bumperbot_controller/share/bumperbot_controller/config/bumperbot_controller.yaml
[0.216s] -- Up-to-date: /home/nani/bumperbot_ws/install/bumperbot_controller/share/ament_index/resource_index/package_run_dependencies/bumperbot_controller
[0.216s] -- Up-to-date: /home/nani/bumperbot_ws/install/bumperbot_controller/share/ament_index/resource_index/parent_prefix_path/bumperbot_controller
[0.216s] -- Up-to-date: /home/nani/bumperbot_ws/install/bumperbot_controller/share/bumperbot_controller/environment/ament_prefix_path.sh
[0.216s] -- Installing: /home/nani/bumperbot_ws/install/bumperbot_controller/share/bumperbot_controller/environment/ament_prefix_path.dsv
[0.216s] -- Up-to-date: /home/nani/bumperbot_ws/install/bumperbot_controller/share/bumperbot_controller/environment/path.sh
[0.216s] -- Installing: /home/nani/bumperbot_ws/install/bumperbot_controller/share/bumperbot_controller/environment/path.dsv
[0.216s] -- Up-to-date: /home/nani/bumperbot_ws/install/bumperbot_controller/share/bumperbot_controller/local_setup.bash
[0.216s] -- Up-to-date: /home/nani/bumperbot_ws/install/bumperbot_controller/share/bumperbot_controller/local_setup.sh
[0.216s] -- Up-to-date: /home/nani/bumperbot_ws/install/bumperbot_controller/share/bumperbot_controller/local_setup.zsh
[0.216s] -- Installing: /home/nani/bumperbot_ws/install/bumperbot_controller/share/bumperbot_controller/local_setup.dsv
[0.216s] -- Installing: /home/nani/bumperbot_ws/install/bumperbot_controller/share/bumperbot_controller/package.dsv
[0.217s] -- Up-to-date: /home/nani/bumperbot_ws/install/bumperbot_controller/share/ament_index/resource_index/packages/bumperbot_controller
[0.217s] -- Up-to-date: /home/nani/bumperbot_ws/install/bumperbot_controller/share/bumperbot_controller/cmake/bumperbot_controllerConfig.cmake
[0.217s] -- Up-to-date: /home/nani/bumperbot_ws/install/bumperbot_controller/share/bumperbot_controller/cmake/bumperbot_controllerConfig-version.cmake
[0.217s] -- Up-to-date: /home/nani/bumperbot_ws/install/bumperbot_controller/share/bumperbot_controller/package.xml
[0.219s] Invoked command in '/home/nani/bumperbot_ws/build/bumperbot_controller' returned '0': CMAKE_PREFIX_PATH=/opt/ros/humble /usr/bin/cmake --install /home/nani/bumperbot_ws/build/bumperbot_controller
