[0.008s] Invoking command in '/home/nani/bumperbot_ws/build/bumperbot_controller': CMAKE_PREFIX_PATH=/opt/ros/humble /usr/bin/cmake --build /home/nani/bumperbot_ws/build/bumperbot_controller -- -j20 -l20
[0.039s] -- Found ament_cmake: 1.3.11 (/opt/ros/humble/share/ament_cmake/cmake)
[0.138s] -- Found rclpy: 3.3.15 (/opt/ros/humble/share/rclpy/cmake)
[0.139s] -- Found rclcpp: 16.0.11 (/opt/ros/humble/share/rclcpp/cmake)
[0.162s] -- Found rosidl_generator_c: 3.1.6 (/opt/ros/humble/share/rosidl_generator_c/cmake)
[0.164s] -- Found rosidl_adapter: 3.1.6 (/opt/ros/humble/share/rosidl_adapter/cmake)
[0.169s] -- Found rosidl_generator_cpp: 3.1.6 (/opt/ros/humble/share/rosidl_generator_cpp/cmake)
[0.176s] -- Using all available rosidl_typesupport_c: rosidl_typesupport_fastrtps_c;rosidl_typesupport_introspection_c
[0.184s] -- Using all available rosidl_typesupport_cpp: rosidl_typesupport_fastrtps_cpp;rosidl_typesupport_introspection_cpp
[0.208s] -- Found rmw_implementation_cmake: 6.1.2 (/opt/ros/humble/share/rmw_implementation_cmake/cmake)
[0.209s] -- Found rmw_fastrtps_cpp: 6.2.7 (/opt/ros/humble/share/rmw_fastrtps_cpp/cmake)
[0.280s] -- Using RMW implementation 'rmw_fastrtps_cpp' as default
[0.349s] -- Found geometry_msgs: 4.2.4 (/opt/ros/humble/share/geometry_msgs/cmake)
[0.415s] -- Found ament_lint_auto: 0.12.11 (/opt/ros/humble/share/ament_lint_auto/cmake)
[0.457s] -- Added test 'flake8' to check Python code syntax and style conventions
[0.457s] -- Added test 'lint_cmake' to check CMake code style
[0.457s] -- Added test 'pep257' to check Python code against some of the docstring style conventions in PEP 257
[0.458s] -- Added test 'xmllint' to check XML markup files
[0.459s] -- Configuring done
[0.463s] -- Generating done
[0.464s] -- Build files have been written to: /home/nani/bumperbot_ws/build/bumperbot_controller
[0.504s] Built target ament_cmake_python_copy_bumperbot_controller
[0.663s] running egg_info
[0.663s] writing bumperbot_controller.egg-info/PKG-INFO
[0.663s] writing dependency_links to bumperbot_controller.egg-info/dependency_links.txt
[0.663s] writing top-level names to bumperbot_controller.egg-info/top_level.txt
[0.666s] reading manifest file 'bumperbot_controller.egg-info/SOURCES.txt'
[0.666s] writing manifest file 'bumperbot_controller.egg-info/SOURCES.txt'
[0.683s] Built target ament_cmake_python_build_bumperbot_controller_egg
[0.692s] Invoked command in '/home/nani/bumperbot_ws/build/bumperbot_controller' returned '0': CMAKE_PREFIX_PATH=/opt/ros/humble /usr/bin/cmake --build /home/nani/bumperbot_ws/build/bumperbot_controller -- -j20 -l20
[0.693s] Invoking command in '/home/nani/bumperbot_ws/build/bumperbot_controller': CMAKE_PREFIX_PATH=/opt/ros/humble /usr/bin/cmake --install /home/nani/bumperbot_ws/build/bumperbot_controller
[0.700s] -- Install configuration: ""
[0.700s] -- Up-to-date: /home/nani/bumperbot_ws/install/bumperbot_controller/share/bumperbot_controller/environment/pythonpath.sh
[0.700s] -- Installing: /home/nani/bumperbot_ws/install/bumperbot_controller/share/bumperbot_controller/environment/pythonpath.dsv
[0.701s] -- Up-to-date: /home/nani/bumperbot_ws/install/bumperbot_controller/local/lib/python3.10/dist-packages/bumperbot_controller-0.0.0-py3.10.egg-info
[0.701s] -- Installing: /home/nani/bumperbot_ws/install/bumperbot_controller/local/lib/python3.10/dist-packages/bumperbot_controller-0.0.0-py3.10.egg-info/SOURCES.txt
[0.701s] -- Installing: /home/nani/bumperbot_ws/install/bumperbot_controller/local/lib/python3.10/dist-packages/bumperbot_controller-0.0.0-py3.10.egg-info/top_level.txt
[0.701s] -- Installing: /home/nani/bumperbot_ws/install/bumperbot_controller/local/lib/python3.10/dist-packages/bumperbot_controller-0.0.0-py3.10.egg-info/dependency_links.txt
[0.701s] -- Installing: /home/nani/bumperbot_ws/install/bumperbot_controller/local/lib/python3.10/dist-packages/bumperbot_controller-0.0.0-py3.10.egg-info/PKG-INFO
[0.702s] -- Up-to-date: /home/nani/bumperbot_ws/install/bumperbot_controller/local/lib/python3.10/dist-packages/bumperbot_controller
[0.702s] -- Up-to-date: /home/nani/bumperbot_ws/install/bumperbot_controller/local/lib/python3.10/dist-packages/bumperbot_controller/simple_controller.py
[0.702s] -- Up-to-date: /home/nani/bumperbot_ws/install/bumperbot_controller/local/lib/python3.10/dist-packages/bumperbot_controller/__init__.py
[0.726s] Listing '/home/nani/bumperbot_ws/install/bumperbot_controller/local/lib/python3.10/dist-packages/bumperbot_controller'...
[0.729s] -- Up-to-date: /home/nani/bumperbot_ws/install/bumperbot_controller/share/bumperbot_controller/config
[0.729s] -- Up-to-date: /home/nani/bumperbot_ws/install/bumperbot_controller/share/bumperbot_controller/config/bumperbot_controller.yaml
[0.729s] -- Up-to-date: /home/nani/bumperbot_ws/install/bumperbot_controller/share/bumperbot_controller/launch
[0.729s] -- Up-to-date: /home/nani/bumperbot_ws/install/bumperbot_controller/share/bumperbot_controller/launch/controller.launch.py
[0.729s] -- Up-to-date: /home/nani/bumperbot_ws/install/bumperbot_controller/lib/bumperbot_controller/simple_controller.py
[0.729s] -- Installing: /home/nani/bumperbot_ws/install/bumperbot_controller/share/ament_index/resource_index/package_run_dependencies/bumperbot_controller
[0.729s] -- Installing: /home/nani/bumperbot_ws/install/bumperbot_controller/share/ament_index/resource_index/parent_prefix_path/bumperbot_controller
[0.730s] -- Up-to-date: /home/nani/bumperbot_ws/install/bumperbot_controller/share/bumperbot_controller/environment/ament_prefix_path.sh
[0.730s] -- Installing: /home/nani/bumperbot_ws/install/bumperbot_controller/share/bumperbot_controller/environment/ament_prefix_path.dsv
[0.730s] -- Up-to-date: /home/nani/bumperbot_ws/install/bumperbot_controller/share/bumperbot_controller/environment/path.sh
[0.730s] -- Installing: /home/nani/bumperbot_ws/install/bumperbot_controller/share/bumperbot_controller/environment/path.dsv
[0.730s] -- Up-to-date: /home/nani/bumperbot_ws/install/bumperbot_controller/share/bumperbot_controller/local_setup.bash
[0.730s] -- Up-to-date: /home/nani/bumperbot_ws/install/bumperbot_controller/share/bumperbot_controller/local_setup.sh
[0.730s] -- Up-to-date: /home/nani/bumperbot_ws/install/bumperbot_controller/share/bumperbot_controller/local_setup.zsh
[0.730s] -- Installing: /home/nani/bumperbot_ws/install/bumperbot_controller/share/bumperbot_controller/local_setup.dsv
[0.730s] -- Installing: /home/nani/bumperbot_ws/install/bumperbot_controller/share/bumperbot_controller/package.dsv
[0.730s] -- Up-to-date: /home/nani/bumperbot_ws/install/bumperbot_controller/share/ament_index/resource_index/packages/bumperbot_controller
[0.730s] -- Up-to-date: /home/nani/bumperbot_ws/install/bumperbot_controller/share/bumperbot_controller/cmake/bumperbot_controllerConfig.cmake
[0.730s] -- Up-to-date: /home/nani/bumperbot_ws/install/bumperbot_controller/share/bumperbot_controller/cmake/bumperbot_controllerConfig-version.cmake
[0.730s] -- Installing: /home/nani/bumperbot_ws/install/bumperbot_controller/share/bumperbot_controller/package.xml
[0.731s] Invoked command in '/home/nani/bumperbot_ws/build/bumperbot_controller' returned '0': CMAKE_PREFIX_PATH=/opt/ros/humble /usr/bin/cmake --install /home/nani/bumperbot_ws/build/bumperbot_controller
