[0.006s] Invoking command in '/home/nani/bumperbot_ws/build/bumperbot_description': CMAKE_PREFIX_PATH=/opt/ros/humble /usr/bin/cmake --build /home/nani/bumperbot_ws/build/bumperbot_description -- -j20 -l20
[0.045s] Invoked command in '/home/nani/bumperbot_ws/build/bumperbot_description' returned '0': CMAKE_PREFIX_PATH=/opt/ros/humble /usr/bin/cmake --build /home/nani/bumperbot_ws/build/bumperbot_description -- -j20 -l20
[0.048s] Invoking command in '/home/nani/bumperbot_ws/build/bumperbot_description': CMAKE_PREFIX_PATH=/opt/ros/humble /usr/bin/cmake --install /home/nani/bumperbot_ws/build/bumperbot_description
[0.059s] -- Install configuration: ""
[0.060s] -- Up-to-date: /home/nani/bumperbot_ws/install/bumperbot_description/share/bumperbot_description/meshes
[0.060s] -- Up-to-date: /home/nani/bumperbot_ws/install/bumperbot_description/share/bumperbot_description/meshes/wheel_right_link.STL
[0.060s] -- Up-to-date: /home/nani/bumperbot_ws/install/bumperbot_description/share/bumperbot_description/meshes/wheel_left_link.STL
[0.060s] -- Up-to-date: /home/nani/bumperbot_ws/install/bumperbot_description/share/bumperbot_description/meshes/caster_rear_link.STL
[0.060s] -- Up-to-date: /home/nani/bumperbot_ws/install/bumperbot_description/share/bumperbot_description/meshes/base_link.STL
[0.060s] -- Up-to-date: /home/nani/bumperbot_ws/install/bumperbot_description/share/bumperbot_description/meshes/caster_front_link.STL
[0.060s] -- Up-to-date: /home/nani/bumperbot_ws/install/bumperbot_description/share/bumperbot_description/meshes/imu_link.STL
[0.060s] -- Up-to-date: /home/nani/bumperbot_ws/install/bumperbot_description/share/bumperbot_description/urdf
[0.061s] -- Up-to-date: /home/nani/bumperbot_ws/install/bumperbot_description/share/bumperbot_description/urdf/bumperbot_gazebo.xacro
[0.061s] -- Installing: /home/nani/bumperbot_ws/install/bumperbot_description/share/bumperbot_description/urdf/bumperbot.urdf.xacro
[0.062s] -- Up-to-date: /home/nani/bumperbot_ws/install/bumperbot_description/share/bumperbot_description/urdf/bumperbot_ros2_control.xacro
[0.062s] -- Up-to-date: /home/nani/bumperbot_ws/install/bumperbot_description/share/bumperbot_description/rviz
[0.062s] -- Up-to-date: /home/nani/bumperbot_ws/install/bumperbot_description/share/bumperbot_description/rviz/display.rviz
[0.062s] -- Up-to-date: /home/nani/bumperbot_ws/install/bumperbot_description/share/bumperbot_description/launch
[0.062s] -- Up-to-date: /home/nani/bumperbot_ws/install/bumperbot_description/share/bumperbot_description/launch/display.launch.py
[0.062s] -- Up-to-date: /home/nani/bumperbot_ws/install/bumperbot_description/share/bumperbot_description/launch/gazebo.launch.py
[0.062s] -- Up-to-date: /home/nani/bumperbot_ws/install/bumperbot_description/share/ament_index/resource_index/package_run_dependencies/bumperbot_description
[0.062s] -- Up-to-date: /home/nani/bumperbot_ws/install/bumperbot_description/share/ament_index/resource_index/parent_prefix_path/bumperbot_description
[0.062s] -- Up-to-date: /home/nani/bumperbot_ws/install/bumperbot_description/share/bumperbot_description/environment/ament_prefix_path.sh
[0.062s] -- Up-to-date: /home/nani/bumperbot_ws/install/bumperbot_description/share/bumperbot_description/environment/ament_prefix_path.dsv
[0.062s] -- Up-to-date: /home/nani/bumperbot_ws/install/bumperbot_description/share/bumperbot_description/environment/path.sh
[0.062s] -- Up-to-date: /home/nani/bumperbot_ws/install/bumperbot_description/share/bumperbot_description/environment/path.dsv
[0.062s] -- Up-to-date: /home/nani/bumperbot_ws/install/bumperbot_description/share/bumperbot_description/local_setup.bash
[0.063s] -- Up-to-date: /home/nani/bumperbot_ws/install/bumperbot_description/share/bumperbot_description/local_setup.sh
[0.063s] -- Up-to-date: /home/nani/bumperbot_ws/install/bumperbot_description/share/bumperbot_description/local_setup.zsh
[0.063s] -- Up-to-date: /home/nani/bumperbot_ws/install/bumperbot_description/share/bumperbot_description/local_setup.dsv
[0.063s] -- Installing: /home/nani/bumperbot_ws/install/bumperbot_description/share/bumperbot_description/package.dsv
[0.063s] -- Up-to-date: /home/nani/bumperbot_ws/install/bumperbot_description/share/ament_index/resource_index/packages/bumperbot_description
[0.063s] -- Up-to-date: /home/nani/bumperbot_ws/install/bumperbot_description/share/bumperbot_description/cmake/bumperbot_descriptionConfig.cmake
[0.063s] -- Up-to-date: /home/nani/bumperbot_ws/install/bumperbot_description/share/bumperbot_description/cmake/bumperbot_descriptionConfig-version.cmake
[0.063s] -- Up-to-date: /home/nani/bumperbot_ws/install/bumperbot_description/share/bumperbot_description/package.xml
[0.069s] Invoked command in '/home/nani/bumperbot_ws/build/bumperbot_description' returned '0': CMAKE_PREFIX_PATH=/opt/ros/humble /usr/bin/cmake --install /home/nani/bumperbot_ws/build/bumperbot_description
